# JRE version: Java(TM) SE Runtime Environment (19.0+36) (build 19+36-2238)
# Java VM: Java HotSpot(TM) 64-Bit Server VM (19+36-2238, mixed mode, sharing, tiered, compressed oops, compressed class ptrs, g1 gc, windows-amd64)
GC Precious Log:
 CardTable entry size: 512
 Card Set container configuration: InlinePtr #cards 5 size 8 Array Of Cards #cards 12 size 40 Howl #buckets 4 coarsen threshold 1843 Howl Bitmap #cards 512 size 80 coarsen threshold 460 Card regions per heap region 1 cards per card region 2048
 CPUs: 4 total, 4 available
 Memory: 3877M
 Large Page Support: Disabled
 NUMA Support: Disabled
 Compressed Oops: Enabled (32-bit)
 Heap Region Size: 1M
 Heap Min Capacity: 8M
 Heap Initial Capacity: 62M
 Heap Max Capacity: 970M
 Pre-touch: Disabled
 Parallel Workers: 4
 Concurrent Workers: 1
 Concurrent Refinement Workers: 4
 Periodic GC: Disabled
Heap:
 garbage-first heap   total 158720K, used 598K [0x00000000c3600000, 0x0000000100000000)
  region size 1024K, 1 young (1024K), 1 survivors (1024K)
 Metaspace       used 152K, committed 384K, reserved 1114112K
  class space    used 4K, committed 128K, reserved 1048576K
GC Heap History (20 events):
Event: 4.899 GC heap after
{Heap after GC invocations=14 (full 0):
 garbage-first heap   total 158720K, used 551K [0x00000000c3600000, 0x0000000100000000)
  region size 1024K, 1 young (1024K), 1 survivors (1024K)
 Metaspace       used 152K, committed 384K, reserved 1114112K
  class space    used 4K, committed 128K, reserved 1048576K
}
Event: 5.072 GC heap before
{Heap before GC invocations=14 (full 0):
 garbage-first heap   total 158720K, used 93735K [0x00000000c3600000, 0x0000000100000000)
  region size 1024K, 93 young (95232K), 1 survivors (1024K)
 Metaspace       used 152K, committed 384K, reserved 1114112K
  class space    used 4K, committed 128K, reserved 1048576K
}
Event: 5.074 GC heap after
{Heap after GC invocations=15 (full 0):
 garbage-first heap   total 158720K, used 613K [0x00000000c3600000, 0x0000000100000000)
  region size 1024K, 1 young (1024K), 1 survivors (1024K)
 Metaspace       used 152K, committed 384K, reserved 1114112K
  class space    used 4K, committed 128K, reserved 1048576K
}
Event: 5.332 GC heap before
{Heap before GC invocations=15 (full 0):
 garbage-first heap   total 158720K, used 93797K [0x00000000c3600000, 0x0000000100000000)
  region size 1024K, 93 young (95232K), 1 survivors (1024K)
 Metaspace       used 152K, committed 384K, reserved 1114112K
  class space    used 4K, committed 128K, reserved 1048576K
}
Event: 5.336 GC heap after
{Heap after GC invocations=16 (full 0):
 garbage-first heap   total 158720K, used 585K [0x00000000c3600000, 0x0000000100000000)
  region size 1024K, 1 young (1024K), 1 survivors (1024K)
 Metaspace       used 152K, committed 384K, reserved 1114112K
  class space    used 4K, committed 128K, reserved 1048576K
}
Event: 5.379 GC heap before
{Heap before GC invocations=16 (full 0):
 garbage-first heap   total 158720K, used 93769K [0x00000000c3600000, 0x0000000100000000)
  region size 1024K, 93 young (95232K), 1 survivors (1024K)
 Metaspace       used 152K, committed 384K, reserved 1114112K
  class space    used 4K, committed 128K, reserved 1048576K
}
Event: 5.380 GC heap after
{Heap after GC invocations=17 (full 0):
 garbage-first heap   total 158720K, used 637K [0x00000000c3600000, 0x0000000100000000)
  region size 1024K, 1 young (1024K), 1 survivors (1024K)
 Metaspace       used 152K, committed 384K, reserved 1114112K
  class space    used 4K, committed 128K, reserved 1048576K
}
Event: 5.696 GC heap before
{Heap before GC invocations=17 (full 0):
 garbage-first heap   total 158720K, used 93821K [0x00000000c3600000, 0x0000000100000000)
  region size 1024K, 93 young (95232K), 1 survivors (1024K)
 Metaspace       used 152K, committed 384K, reserved 1114112K
  class space    used 4K, committed 128K, reserved 1048576K
}
Event: 5.697 GC heap after
{Heap after GC invocations=18 (full 0):
 garbage-first heap   total 158720K, used 641K [0x00000000c3600000, 0x0000000100000000)
  region size 1024K, 1 young (1024K), 1 survivors (1024K)
 Metaspace       used 152K, committed 384K, reserved 1114112K
  class space    used 4K, committed 128K, reserved 1048576K
}
Event: 5.844 GC heap before
{Heap before GC invocations=18 (full 0):
 garbage-first heap   total 158720K, used 93825K [0x00000000c3600000, 0x0000000100000000)
  region size 1024K, 93 young (95232K), 1 survivors (1024K)
 Metaspace       used 152K, committed 384K, reserved 1114112K
  class space    used 4K, committed 128K, reserved 1048576K
}
Event: 5.845 GC heap after
{Heap after GC invocations=19 (full 0):
 garbage-first heap   total 158720K, used 644K [0x00000000c3600000, 0x0000000100000000)
  region size 1024K, 1 young (1024K), 1 survivors (1024K)
 Metaspace       used 152K, committed 384K, reserved 1114112K
  class space    used 4K, committed 128K, reserved 1048576K
}
Event: 6.199 GC heap before
{Heap before GC invocations=19 (full 0):
 garbage-first heap   total 158720K, used 93828K [0x00000000c3600000, 0x0000000100000000)
  region size 1024K, 93 young (95232K), 1 survivors (1024K)
 Metaspace       used 152K, committed 384K, reserved 1114112K
  class space    used 4K, committed 128K, reserved 1048576K
}
Event: 6.200 GC heap after
{Heap after GC invocations=20 (full 0):
 garbage-first heap   total 158720K, used 589K [0x00000000c3600000, 0x0000000100000000)
  region size 1024K, 1 young (1024K), 1 survivors (1024K)
 Metaspace       used 152K, committed 384K, reserved 1114112K
  class space    used 4K, committed 128K, reserved 1048576K
}
Event: 6.229 GC heap before
{Heap before GC invocations=20 (full 0):
 garbage-first heap   total 158720K, used 93773K [0x00000000c3600000, 0x0000000100000000)
  region size 1024K, 93 young (95232K), 1 survivors (1024K)
 Metaspace       used 152K, committed 384K, reserved 1114112K
  class space    used 4K, committed 128K, reserved 1048576K
}
Event: 6.229 GC heap after
{Heap after GC invocations=21 (full 0):
 garbage-first heap   total 158720K, used 592K [0x00000000c3600000, 0x0000000100000000)
  region size 1024K, 1 young (1024K), 1 survivors (1024K)
 Metaspace       used 152K, committed 384K, reserved 1114112K
  class space    used 4K, committed 128K, reserved 1048576K
}
Event: 6.369 GC heap before
{Heap before GC invocations=21 (full 0):
 garbage-first heap   total 158720K, used 93776K [0x00000000c3600000, 0x0000000100000000)
  region size 1024K, 93 young (95232K), 1 survivors (1024K)
 Metaspace       used 152K, committed 384K, reserved 1114112K
  class space    used 4K, committed 128K, reserved 1048576K
}
Event: 6.370 GC heap after
{Heap after GC invocations=22 (full 0):
 garbage-first heap   total 158720K, used 594K [0x00000000c3600000, 0x0000000100000000)
  region size 1024K, 1 young (1024K), 1 survivors (1024K)
 Metaspace       used 152K, committed 384K, reserved 1114112K
  class space    used 4K, committed 128K, reserved 1048576K
}
Event: 6.519 GC heap before
{Heap before GC invocations=22 (full 0):
 garbage-first heap   total 158720K, used 93778K [0x00000000c3600000, 0x0000000100000000)
  region size 1024K, 93 young (95232K), 1 survivors (1024K)
 Metaspace       used 152K, committed 384K, reserved 1114112K
  class space    used 4K, committed 128K, reserved 1048576K
}
Event: 6.520 GC heap after
{Heap after GC invocations=23 (full 0):
 garbage-first heap   total 158720K, used 661K [0x00000000c3600000, 0x0000000100000000)
  region size 1024K, 1 young (1024K), 1 survivors (1024K)
 Metaspace       used 152K, committed 384K, reserved 1114112K
  class space    used 4K, committed 128K, reserved 1048576K
}
Event: 6.703 GC heap before
{Heap before GC invocations=23 (full 0):
 garbage-first heap   total 158720K, used 93845K [0x00000000c3600000, 0x0000000100000000)
  region size 1024K, 93 young (95232K), 1 survivors (1024K)
 Metaspace       used 152K, committed 384K, reserved 1114112K
  class space    used 4K, committed 128K, reserved 1048576K
}

